DEBUG   2021-12-31 15:58:57,193 [main] Hooks.class  - Opening driver
INFO    2021-12-31 15:58:57,625 [main] Hooks.class  - Driver closed
DEBUG   2021-12-31 15:58:57,633 [main] Hooks.class  - Opening driver
INFO    2021-12-31 15:58:57,656 [main] Hooks.class  - Driver closed
DEBUG   2021-12-31 15:58:57,718 [main] Hooks.class  - Opening driver
INFO    2021-12-31 15:58:57,742 [main] Hooks.class  - Driver closed
DEBUG   2021-12-31 16:00:23,142 [main] Hooks.class  - Opening driver
INFO    2021-12-31 16:00:23,331 [main] Hooks.class  - Driver closed
DEBUG   2021-12-31 16:00:23,342 [main] Hooks.class  - Opening driver
INFO    2021-12-31 16:00:23,365 [main] Hooks.class  - Driver closed
DEBUG   2021-12-31 16:00:23,421 [main] Hooks.class  - Opening driver
INFO    2021-12-31 16:00:23,443 [main] Hooks.class  - Driver closed
DEBUG   2021-12-31 16:03:04,485 [main] Hooks.class  - Opening driver
INFO    2021-12-31 16:03:27,261 [main] Hooks.class  - Driver opened
DEBUG   2021-12-31 16:03:36,918 [main] Hooks.class  - Opening URL
DEBUG   2021-12-31 16:03:39,882 [main] HomeStepDefinition.class  - Verifying title
DEBUG   2021-12-31 16:03:40,141 [main] HomePage.java  - Verifying title
INFO    2021-12-31 16:03:40,815 [main] Hooks.class  - Driver closed
DEBUG   2021-12-31 16:03:41,438 [main] Hooks.class  - Opening driver
INFO    2021-12-31 16:03:45,759 [main] Hooks.class  - Driver opened
DEBUG   2021-12-31 16:03:52,521 [main] Hooks.class  - Opening URL
DEBUG   2021-12-31 16:03:52,532 [main] HomeStepDefinition.class  - Verifying title
DEBUG   2021-12-31 16:03:52,542 [main] HomePage.java  - Verifying title
INFO    2021-12-31 16:03:52,567 [main] Hooks.class  - Driver closed
DEBUG   2021-12-31 16:03:53,768 [main] Hooks.class  - Opening driver
INFO    2021-12-31 16:03:57,030 [main] Hooks.class  - Driver opened
DEBUG   2021-12-31 16:04:07,417 [main] Hooks.class  - Opening URL
DEBUG   2021-12-31 16:04:07,433 [main] HomeStepDefinition.class  - Verifying title
DEBUG   2021-12-31 16:04:07,442 [main] HomePage.java  - Verifying title
INFO    2021-12-31 16:04:07,721 [main] Hooks.class  - Driver closed
DEBUG   2021-12-31 16:05:23,083 [main] Hooks.class  - Opening driver
INFO    2021-12-31 16:05:27,839 [main] Hooks.class  - Driver opened
DEBUG   2021-12-31 16:05:34,751 [main] Hooks.class  - Opening URL
DEBUG   2021-12-31 16:05:35,557 [main] HomeStepDefinition.class  - Verifying title
DEBUG   2021-12-31 16:05:35,744 [main] HomePage.java  - Verifying title
INFO    2021-12-31 16:05:37,283 [main] Hooks.class  - Driver closed
DEBUG   2021-12-31 16:05:37,915 [main] Hooks.class  - Opening driver
INFO    2021-12-31 16:05:41,927 [main] Hooks.class  - Driver opened
DEBUG   2021-12-31 16:05:49,558 [main] Hooks.class  - Opening URL
DEBUG   2021-12-31 16:05:49,613 [main] HomeStepDefinition.class  - Verifying title
DEBUG   2021-12-31 16:05:49,622 [main] HomePage.java  - Verifying title
INFO    2021-12-31 16:05:49,841 [main] Hooks.class  - Driver closed
DEBUG   2021-12-31 16:05:50,661 [main] Hooks.class  - Opening driver
INFO    2021-12-31 16:05:54,055 [main] Hooks.class  - Driver opened
DEBUG   2021-12-31 16:06:00,887 [main] Hooks.class  - Opening URL
DEBUG   2021-12-31 16:06:00,896 [main] HomeStepDefinition.class  - Verifying title
DEBUG   2021-12-31 16:06:00,905 [main] HomePage.java  - Verifying title
INFO    2021-12-31 16:06:00,937 [main] Hooks.class  - Driver closed
